<?xml version="1.0" encoding="UTF-8"?>
<!-- Generated by org.testng.reporters.JUnitReportReporter -->
<testsuite hostname="sonali" failures="0" tests="2" name="TestNgTestClassPackage.Validate_testcases_CoverFox" time="18.038" errors="0" timestamp="2024-01-18T18:18:13 IST" skipped="1">
  <testcase classname="TestNgTestClassPackage.Validate_testcases_CoverFox" name="validateResultNumber" time="18.038">
    <system-out>
      <![CDATA[Text On Result Page
text Result :49
Check Banners Count 
text Result :49
Test case passed]]>
    </system-out>
  </testcase> <!-- validateResultNumber -->
  <testcase classname="TestNgTestClassPackage.Validate_testcases_CoverFox" name="SearchsortPlanText">
    <skipped/>
  </testcase> <!-- SearchsortPlanText -->
  <system-out>
    <![CDATA[Launching Browser
On home Page
On Health Page
On members details Page
Text On Result Page
text Result :49
Check Banners Count 
text Result :49
Test case passed
closing Browser]]>
  </system-out>
</testsuite> <!-- TestNgTestClassPackage.Validate_testcases_CoverFox -->
